                       ###########################################################
                       #                     ADPRES 1.1                          #
                       #        ABU DHABI POLYTECHNIC REACTOR SIMULATOR          #
                       ###########################################################  


  ========================================INPUT DATA STARTS HERE=====================================
     1: ! TRANSIENT LMW BENCHMARK INPUT DATA                                                                
     2:                                                                                                     
     3: %MODE                                                                                               
     4: RODEJECT                                                                                            
     5: %CASE                                                                                               
     6: LMW  TRANSIENT                                                                                      
     7: 20 CM NODE SIZE                                                                                     
     8: %   XSEC                                                                                            
     9: 2  3    ! Number of groups and number of materials                                                  
    10: !  sigtr      siga      nu*sigf    sigf    chi sigs_g1  sigs_g2                                     
    11: 0.2340967  0.01040206  0.006478  0.006478  1.0  0.0  0.017556                                       
    12: 0.9355255  0.08766217  0.112733  0.112733  0.0  0.0  0.000000  / MAT 1 (INNER CORE)                 
    13: 0.2338179  0.01099263  0.007503  0.007503  1.0  0.0  0.017178                                       
    14: 0.9508216  0.09925634  0.137800  0.137800  0.0  0.0  0.000000  / MAT 2 (OUTER CORE)                 
    15: 0.2039700  0.00266057  0.000000  0.000000  1.0  0.0  0.027597                                       
    16: 1.2626167  0.04936351  0.000000  0.000000  0.0  0.0  0.000000  / MAT 3 (REFLECTOR)                  
    17:                                                                                                     
    18: ! GEOMETRY CARD                                                                                     
    19: %GEOM                                                                                               
    20: 6 6 10               !nx, ny, nz                                                                    
    21: 10.0 5*20.0          !x-direction assembly size in cm                                               
    22: 1    5*2             !x-direction assembly division                                                 
    23: 10.0 5*20.0          !y-direction assembly size in cm                                               
    24: 1    5*2             !y-direction assembly division                                                 
    25: 10*20.0              !z-direction size  in cm (from bottom to top)                                  
    26: 10*2                 !z-direction assembly division                                                 
    27: 2                    !np number of planar type                                                      
    28: 1  8*2  1            !planar assignment (from bottom to top)                                        
    29: ! Planar_Reg 1                                                                                      
    30: 3  3  3  3  3  0                                                                                    
    31: 3  3  3  3  3  3                                                                                    
    32: 3  3  3  3  3  3                                                                                    
    33: 3  3  3  3  3  3                                                                                    
    34: 3  3  3  3  3  3                                                                                    
    35: 3  3  3  3  3  3                                                                                    
    36: ! Planar_Reg 2                                                                                      
    37: 3  3  3  3  3  0                                                                                    
    38: 2  2  2  2  3  3                                                                                    
    39: 1  1  1  2  2  3                                                                                    
    40: 1  1  1  1  2  3                                                                                    
    41: 1  1  1  1  2  3                                                                                    
    42: 1  1  1  1  2  3                                                                                    
    43: ! Boundary conditions (east), (west), (north), (south), (bottom), (top)                             
    44: 1 2 1 2 1 1                                                                                         
    45:                                                                                                     
    46: ! CONTROL CARD                                                                                      
    47: %CROD                                                                                               
    48: 2   180                          ! Number of CR banks and Max number of steps                       
    49: 0.  1.0                          ! Zero step pos. (cm from bottom) and step size (cm/step)          
    50: 180.  100.                       ! CR Bank pos.                                                     
    51: 0  0  0  0  0  0                                                                                    
    52: 0  0  0  0  0  0                                                                                    
    53: 2  0  0  0  0  0                                                                                    
    54: 0  0  1  0  0  0                                                                                    
    55: 0  0  0  0  0  0                                                                                    
    56: 1  0  0  2  0  0                                                                                    
    57: ! CX changes                                                                                        
    58: !  sigtr    siga   nu*sigf   sigf    sigs_g1  sigs_g2                                               
    59:  0.00000  0.00055  0.00000  0.00000  0.00000  0.00000                                               
    60:  0.00000  0.00380  0.00000  0.00000  0.00000  0.00000                                               
    61:  0.00028 -0.00004 -0.00103 -0.00103  0.00000  0.00038                                               
    62: -0.01530 -0.00779 -0.02507 -0.02507  0.00000  0.00000                                               
    63:  0.03013  0.00829  0.00648  0.00648  0.00000 -0.01004                                               
    64: -0.32709  0.04210  0.11273  0.11273  0.00000  0.00000                                               
    65: 1                                                                                                   
    66:                                                                                                     
    67: ! ROD EJECTION CARD                                                                                 
    68:                                                                                                     
    69: %EJCT                                                                                               
    70: ! Final Bank Pos (steps)     Starts Move (seconds)     Speed (steps/seconds)                        
    71:      60.                       7.5                     3.0    ! Bank 1                              
    72:      180.                       0.0                     3.0    ! Bank 2                             
    73: 60.  0.25  60.0  1.0            ! (seconds) total time, 1st time step, when to start 2nd time step, 
    74: 0.00025    0.00138    0.00122    0.00265    0.00083    0.00017           !beta                      
    75: 0.01270    0.03170    0.11500    0.31100    1.40000    3.87000           !decay constants           
    76: 1.25E7    2.5E5     ! Neutron velocity                                                              
    77: 1                                                                                                   
  ========================================INPUT DATA   ENDS HERE=====================================



                                             START READING INPUT
  ***************************************************************************************************
  CALCULATION MODE :                 ROD EJECTION CALCULATION

  CASE ID :   LMW  TRANSIENT                                                                                    
   20 CM NODE SIZE                                                                                   


            >>>> READING MACROSCOPIC CROSS SECTIONS <<<<
            --------------------------------------------

     MATERIAL  1
    GROUP   TRANSPORT    DIFFUSION  ABSORPTION    REMOVAL      NU*FISS      KAP*FIS    FISS. SPCTR
       1     0.234097    1.423913    0.010402    0.027958     0.006478     0.006478     1.000000
       2     0.935525    0.356306    0.087662    0.087662     0.112733     0.112733     0.000000
   --SCATTERING MATRIX--
     G/G'          1          2
      1        0.000000    0.017556
      2        0.000000    0.000000

     MATERIAL  2
    GROUP   TRANSPORT    DIFFUSION  ABSORPTION    REMOVAL      NU*FISS      KAP*FIS    FISS. SPCTR
       1     0.233818    1.425611    0.010993    0.028171     0.007503     0.007503     1.000000
       2     0.950822    0.350574    0.099256    0.099256     0.137800     0.137800     0.000000
   --SCATTERING MATRIX--
     G/G'          1          2
      1        0.000000    0.017178
      2        0.000000    0.000000

     MATERIAL  3
    GROUP   TRANSPORT    DIFFUSION  ABSORPTION    REMOVAL      NU*FISS      KAP*FIS    FISS. SPCTR
       1     0.203970    1.634227    0.002661    0.030258     0.000000     0.000000     1.000000
       2     1.262617    0.264002    0.049364    0.049364     0.000000     0.000000     0.000000
   --SCATTERING MATRIX--
     G/G'          1          2
      1        0.000000    0.027597
      2        0.000000    0.000000

  ...Macroscopic CX Card is sucessfully read...


            >>>>>READING CORE GEOMETRY<<<<<
            -------------------------------
  Number of assembly in x, y and z directions respectively :
           6           6          10
  Number of nodes in x, y and z directions respectively :
          11          11          20

  x-directed nodes divison (delta-x)
    10.00  10.00  10.00  10.00  10.00  10.00  10.00  10.00  10.00  10.00
    10.00
  y-directed nodes divison (delta-y)
    10.00  10.00  10.00  10.00  10.00  10.00  10.00  10.00  10.00  10.00
    10.00

  Planar Region :  1
        1  2  3  4  5  6  7  8  9 10 11
    11  3  3  3  3  3  3  3  3  3       
    10  3  3  3  3  3  3  3  3  3       
     9  3  3  3  3  3  3  3  3  3  3  3 
     8  3  3  3  3  3  3  3  3  3  3  3 
     7  3  3  3  3  3  3  3  3  3  3  3 
     6  3  3  3  3  3  3  3  3  3  3  3 
     5  3  3  3  3  3  3  3  3  3  3  3 
     4  3  3  3  3  3  3  3  3  3  3  3 
     3  3  3  3  3  3  3  3  3  3  3  3 
     2  3  3  3  3  3  3  3  3  3  3  3 
     1  3  3  3  3  3  3  3  3  3  3  3 
  Planar Region :  2
        1  2  3  4  5  6  7  8  9 10 11
    11  3  3  3  3  3  3  3  3  3       
    10  3  3  3  3  3  3  3  3  3       
     9  2  2  2  2  2  2  2  3  3  3  3 
     8  2  2  2  2  2  2  2  3  3  3  3 
     7  1  1  1  1  1  2  2  2  2  3  3 
     6  1  1  1  1  1  2  2  2  2  3  3 
     5  1  1  1  1  1  1  1  2  2  3  3 
     4  1  1  1  1  1  1  1  2  2  3  3 
     3  1  1  1  1  1  1  1  2  2  3  3 
     2  1  1  1  1  1  1  1  2  2  3  3 
     1  1  1  1  1  1  1  1  2  2  3  3 

  Planar Region Assignment to planes.
 --------------------------------------
   Plane Number     Planar Region    delta-z
       20 (TOP)            1          10.00
       19                  1          10.00
       18                  2          10.00
       17                  2          10.00
       16                  2          10.00
       15                  2          10.00
       14                  2          10.00
       13                  2          10.00
       12                  2          10.00
       11                  2          10.00
       10                  2          10.00
        9                  2          10.00
        8                  2          10.00
        7                  2          10.00
        6                  2          10.00
        5                  2          10.00
        4                  2          10.00
        3                  2          10.00
        2                  1          10.00
        1 (BOTTOM)         1          10.00

   Boundary conditions
  X-directed West   : REFLECTIVE
  X-directed East   : ZERO INCOMING CURRENT
  Y-directed North  : ZERO INCOMING CURRENT
  Y-directed South  : REFLECTIVE
  Z-directed Bottom : ZERO INCOMING CURRENT
  Z-directed Top    : ZERO INCOMING CURRENT

  ...Core geometry is sucessfully read...


            >>>> READING CONTROL RODS INSERTION <<<<
            --------------------------------------------
  NUMBER OF CONTROL ROD BANK  :  2
  MAX. NUMBER OF STEPS  : 180
  FULLY INSERTED POSITION (cm):  0.0 (FROM BOTTOM OF THE CORE)
  STEP SIZE (cm)              :   1.0000
  INITIAL CONTROL ROD BANK POSITION (STEPS) : 
  (0 means fully inserted) 
    Bank  1  Bank  2
    180.0    100.0

  CONTROL ROD BANK MAP : 
  0  0  0  0  0  0
  0  0  0  0  0  0
  2  0  0  0  0  0
  0  0  1  0  0  0
  0  0  0  0  0  0
  1  0  0  2  0  0

  MATERIAL CX INCREMENT OR DECREMENT DUE TO CR INSERTION : 
    MATERIAL  1
    GROUP   TRANSPORT  ABSORPTION      NU*FISS      FISSION
       1     0.000000    0.000550     0.000000     0.000000
       2     0.000000    0.003800     0.000000     0.000000
   --SCATTERING MATRIX--
     G/G'        1        2
      1      0.000000  0.000000
      2      0.000000  0.000000
    MATERIAL  2
    GROUP   TRANSPORT  ABSORPTION      NU*FISS      FISSION
       1     0.000280   -0.000040    -0.001030    -0.001030
       2    -0.015300   -0.007790    -0.025070    -0.025070
   --SCATTERING MATRIX--
     G/G'        1        2
      1      0.000000  0.000380
      2      0.000000  0.000000
    MATERIAL  3
    GROUP   TRANSPORT  ABSORPTION      NU*FISS      FISSION
       1     0.030130    0.008290     0.006480     0.006480
       2    -0.327090    0.042100     0.112730     0.112730
   --SCATTERING MATRIX--
     G/G'        1        2
      1      0.000000 -0.010040
      2      0.000000  0.000000

  ...Control Rods Insertion card is sucessfully read...


            >>>>     READING ROD EJECTION DATA      <<<<
            --------------------------------------------
                           Bank  1  Bank  2
  FINAL BANK POS. (STEP)     60.0    180.0
  STARTS MOVE (SECOND)        7.5      0.0
  SPEED (STEP/SECOND)         3.0      3.0

  TIME PARAMETERS IN SECONDS : 
    TOTAL SIMULATION TIME         :  60.00
    FIRST TIME STEP               : 0.2500
    SECOND TIME STEP              : 1.0000
    WHEN SECOND TIME STEP APPLY?  :  60.00

  DELAYED NEUTRON FRACTION : 
    0.00025    0.00138    0.00122    0.00265    0.00083    0.00017

  PRECUSOR DECAY CONSTANT (1/s): 
    0.01270    0.03170    0.11500    0.31100    1.40000    3.87000

  NEUTRON VELOCITY (cm/s) : 
    1.25000E+07    2.50000E+05

  ...Rod Ejection Card is sucessfully read...


  **********************************  STOP READING INPUT  *******************************************

   INITIAL MULTIPLICATION EFFECTIVE (K-EFF) =  0.999711
   WARNING: THE STEADY STATE K-EFF IS NOT EQUAL TO 1.0
   AND NOW IT IS FORCED TO 1.0 BY MODIFYING THE nu*sigf CROSS SECTIONS 


  TRANSIENT RESULTS :

  Step  Time(s)  React.($)   Rel. Power   CR Bank Pos. (1-end)
 --------------------------------------------------------------
   0     0.000    0.0000     1.0000E+00   180.00   100.00
   1     0.250    0.0025     1.0025E+00   180.00   100.75
   2     0.500    0.0071     1.0065E+00   180.00   101.50
   3     0.750    0.0105     1.0114E+00   180.00   102.25
   4     1.000    0.0135     1.0156E+00   180.00   103.00
   5     1.250    0.0173     1.0210E+00   180.00   103.75
   6     1.500    0.0209     1.0259E+00   180.00   104.50
   7     1.750    0.0264     1.0333E+00   180.00   105.25
   8     2.000    0.0286     1.0367E+00   180.00   106.00
   9     2.250    0.0335     1.0463E+00   180.00   106.75
  10     2.500    0.0356     1.0484E+00   180.00   107.50
  11     2.750    0.0420     1.0615E+00   180.00   108.25
  12     3.000    0.0424     1.0617E+00   180.00   109.00
  13     3.250    0.0469     1.0730E+00   180.00   109.75
  14     3.500    0.0506     1.0767E+00   180.00   110.50
  15     3.750    0.0540     1.0872E+00   180.00   111.25
  16     4.000    0.0564     1.0905E+00   180.00   112.00
  17     4.250    0.0596     1.1011E+00   180.00   112.75
  18     4.500    0.0625     1.1068E+00   180.00   113.50
  19     4.750    0.0673     1.1165E+00   180.00   114.25
  20     5.000    0.0692     1.1224E+00   180.00   115.00
  21     5.250    0.0734     1.1346E+00   180.00   115.75
  22     5.500    0.0767     1.1405E+00   180.00   116.50
  23     5.750    0.0804     1.1525E+00   180.00   117.25
  24     6.000    0.0844     1.1584E+00   180.00   118.00
  25     6.250    0.0862     1.1723E+00   180.00   118.75
  26     6.500    0.0927     1.1829E+00   180.00   119.50
  27     6.750    0.0938     1.1935E+00   180.00   120.25
  28     7.000    0.0966     1.2008E+00   180.00   121.00
  29     7.250    0.1002     1.2129E+00   180.00   121.75
  30     7.500    0.1030     1.2202E+00   180.00   122.50
  31     7.750    0.1054     1.2338E+00   179.25   123.25
  32     8.000    0.1077     1.2406E+00   178.50   124.00
  33     8.250    0.1108     1.2543E+00   177.75   124.75
  34     8.500    0.1133     1.2638E+00   177.00   125.50
  35     8.750    0.1153     1.2761E+00   176.25   126.25
  36     9.000    0.1198     1.2885E+00   175.50   127.00
  37     9.250    0.1216     1.2996E+00   174.75   127.75
  38     9.500    0.1228     1.3112E+00   174.00   128.50
  39     9.750    0.1255     1.3225E+00   173.25   129.25
  40    10.000    0.1298     1.3386E+00   172.50   130.00
  41    10.250    0.1312     1.3472E+00   171.75   130.75
  42    10.500    0.1315     1.3587E+00   171.00   131.50
  43    10.750    0.1349     1.3721E+00   170.25   132.25
  44    11.000    0.1363     1.3842E+00   169.50   133.00
  45    11.250    0.1369     1.3930E+00   168.75   133.75
  46    11.500    0.1387     1.4060E+00   168.00   134.50
  47    11.750    0.1400     1.4176E+00   167.25   135.25
  48    12.000    0.1412     1.4285E+00   166.50   136.00
  49    12.250    0.1434     1.4416E+00   165.75   136.75
  50    12.500    0.1452     1.4532E+00   165.00   137.50
  51    12.750    0.1460     1.4666E+00   164.25   138.25
  52    13.000    0.1476     1.4781E+00   163.50   139.00
  53    13.250    0.1488     1.4911E+00   162.75   139.75
  54    13.500    0.1490     1.5024E+00   162.00   140.50
  55    13.750    0.1499     1.5140E+00   161.25   141.25
  56    14.000    0.1505     1.5262E+00   160.50   142.00
  57    14.250    0.1508     1.5355E+00   159.75   142.75
  58    14.500    0.1503     1.5455E+00   159.00   143.50
  59    14.750    0.1503     1.5552E+00   158.25   144.25
  60    15.000    0.1509     1.5660E+00   157.50   145.00
  61    15.250    0.1498     1.5745E+00   156.75   145.75
  62    15.500    0.1497     1.5827E+00   156.00   146.50
  63    15.750    0.1486     1.5930E+00   155.25   147.25
  64    16.000    0.1489     1.6014E+00   154.50   148.00
  65    16.250    0.1496     1.6127E+00   153.75   148.75
  66    16.500    0.1495     1.6213E+00   153.00   149.50
  67    16.750    0.1494     1.6311E+00   152.25   150.25
  68    17.000    0.1485     1.6383E+00   151.50   151.00
  69    17.250    0.1476     1.6470E+00   150.75   151.75
  70    17.500    0.1476     1.6542E+00   150.00   152.50
  71    17.750    0.1453     1.6599E+00   149.25   153.25
  72    18.000    0.1433     1.6632E+00   148.50   154.00
  73    18.250    0.1404     1.6688E+00   147.75   154.75
  74    18.500    0.1397     1.6715E+00   147.00   155.50
  75    18.750    0.1369     1.6764E+00   146.25   156.25
  76    19.000    0.1351     1.6793E+00   145.50   157.00
  77    19.250    0.1337     1.6835E+00   144.75   157.75
  78    19.500    0.1311     1.6865E+00   144.00   158.50
  79    19.750    0.1303     1.6898E+00   143.25   159.25
  80    20.000    0.1276     1.6921E+00   142.50   160.00
  81    20.250    0.1251     1.6927E+00   141.75   160.75
  82    20.500    0.1227     1.6933E+00   141.00   161.50
  83    20.750    0.1206     1.6940E+00   140.25   162.25
  84    21.000    0.1173     1.6944E+00   139.50   163.00
  85    21.250    0.1149     1.6942E+00   138.75   163.75
  86    21.500    0.1112     1.6933E+00   138.00   164.50
  87    21.750    0.1085     1.6902E+00   137.25   165.25
  88    22.000    0.1046     1.6875E+00   136.50   166.00
  89    22.250    0.0987     1.6777E+00   135.75   166.75
  90    22.500    0.0956     1.6777E+00   135.00   167.50
  91    22.750    0.0939     1.6747E+00   134.25   168.25
  92    23.000    0.0904     1.6713E+00   133.50   169.00
  93    23.250    0.0850     1.6595E+00   132.75   169.75
  94    23.500    0.0825     1.6595E+00   132.00   170.50
  95    23.750    0.0793     1.6524E+00   131.25   171.25
  96    24.000    0.0761     1.6491E+00   130.50   172.00
  97    24.250    0.0715     1.6378E+00   129.75   172.75
  98    24.500    0.0657     1.6318E+00   129.00   173.50
  99    24.750    0.0610     1.6198E+00   128.25   174.25
 100    25.000    0.0558     1.6118E+00   127.50   175.00
 101    25.250    0.0504     1.5992E+00   126.75   175.75
 102    25.500    0.0465     1.5918E+00   126.00   176.50
 103    25.750    0.0418     1.5786E+00   125.25   177.25
 104    26.000    0.0360     1.5697E+00   124.50   178.00
 105    26.250    0.0330     1.5582E+00   123.75   178.75
 106    26.500    0.0276     1.5481E+00   123.00   179.50
 107    26.750    0.0217     1.5345E+00   122.25   180.00
 108    27.000    0.0166     1.5240E+00   121.50   180.00
 109    27.250    0.0122     1.5118E+00   120.75   180.00
 110    27.500    0.0078     1.5007E+00   120.00   180.00
 111    27.750    0.0008     1.4863E+00   119.25   180.00
 112    28.000   -0.0064     1.4710E+00   118.50   180.00
 113    28.250   -0.0120     1.4571E+00   117.75   180.00
 114    28.500   -0.0175     1.4425E+00   117.00   180.00
 115    28.750   -0.0219     1.4302E+00   116.25   180.00
 116    29.000   -0.0286     1.4144E+00   115.50   180.00
 117    29.250   -0.0361     1.3969E+00   114.75   180.00
 118    29.500   -0.0408     1.3852E+00   114.00   180.00
 119    29.750   -0.0472     1.3705E+00   113.25   180.00
 120    30.000   -0.0521     1.3560E+00   112.50   180.00
 121    30.250   -0.0583     1.3422E+00   111.75   180.00
 122    30.500   -0.0636     1.3268E+00   111.00   180.00
 123    30.750   -0.0693     1.3129E+00   110.25   180.00
 124    31.000   -0.0753     1.2986E+00   109.50   180.00
 125    31.250   -0.0829     1.2820E+00   108.75   180.00
 126    31.500   -0.0901     1.2644E+00   108.00   180.00
 127    31.750   -0.0964     1.2511E+00   107.25   180.00
 128    32.000   -0.1035     1.2343E+00   106.50   180.00
 129    32.250   -0.1099     1.2184E+00   105.75   180.00
 130    32.500   -0.1158     1.2030E+00   105.00   180.00
 131    32.750   -0.1236     1.1866E+00   104.25   180.00
 132    33.000   -0.1268     1.1756E+00   103.50   180.00
 133    33.250   -0.1339     1.1592E+00   102.75   180.00
 134    33.500   -0.1406     1.1436E+00   102.00   180.00
 135    33.750   -0.1484     1.1277E+00   101.25   180.00
 136    34.000   -0.1531     1.1161E+00   100.50   180.00
 137    34.250   -0.1610     1.0992E+00    99.75   180.00
 138    34.500   -0.1658     1.0874E+00    99.00   180.00
 139    34.750   -0.1728     1.0708E+00    98.25   180.00
 140    35.000   -0.1810     1.0561E+00    97.50   180.00
 141    35.250   -0.1849     1.0435E+00    96.75   180.00
 142    35.500   -0.1920     1.0301E+00    96.00   180.00
 143    35.750   -0.1987     1.0145E+00    95.25   180.00
 144    36.000   -0.2056     1.0027E+00    94.50   180.00
 145    36.250   -0.2120     9.8711E-01    93.75   180.00
 146    36.500   -0.2185     9.7496E-01    93.00   180.00
 147    36.750   -0.2254     9.6031E-01    92.25   180.00
 148    37.000   -0.2333     9.4674E-01    91.50   180.00
 149    37.250   -0.2367     9.3474E-01    90.75   180.00
 150    37.500   -0.2441     9.2227E-01    90.00   180.00
 151    37.750   -0.2500     9.0851E-01    89.25   180.00
 152    38.000   -0.2556     8.9723E-01    88.50   180.00
 153    38.250   -0.2628     8.8334E-01    87.75   180.00
 154    38.500   -0.2712     8.6987E-01    87.00   180.00
 155    38.750   -0.2753     8.5959E-01    86.25   180.00
 156    39.000   -0.2820     8.4735E-01    85.50   180.00
 157    39.250   -0.2878     8.3596E-01    84.75   180.00
 158    39.500   -0.2939     8.2388E-01    84.00   180.00
 159    39.750   -0.2994     8.1361E-01    83.25   180.00
 160    40.000   -0.3083     7.9966E-01    82.50   180.00
 161    40.250   -0.3128     7.9116E-01    81.75   180.00
 162    40.500   -0.3211     7.7714E-01    81.00   180.00
 163    40.750   -0.3258     7.6921E-01    80.25   180.00
 164    41.000   -0.3302     7.5764E-01    79.50   180.00
 165    41.250   -0.3380     7.4747E-01    78.75   180.00
 166    41.500   -0.3429     7.3705E-01    78.00   180.00
 167    41.750   -0.3472     7.2836E-01    77.25   180.00
 168    42.000   -0.3554     7.1643E-01    76.50   180.00
 169    42.250   -0.3588     7.0912E-01    75.75   180.00
 170    42.500   -0.3648     6.9734E-01    75.00   180.00
 171    42.750   -0.3690     6.9058E-01    74.25   180.00
 172    43.000   -0.3758     6.7855E-01    73.50   180.00
 173    43.250   -0.3805     6.7265E-01    72.75   180.00
 174    43.500   -0.3876     6.6049E-01    72.00   180.00
 175    43.750   -0.3908     6.5510E-01    71.25   180.00
 176    44.000   -0.3984     6.4312E-01    70.50   180.00
 177    44.250   -0.4020     6.3816E-01    69.75   180.00
 178    44.500   -0.4072     6.2648E-01    69.00   180.00
 179    44.750   -0.4104     6.2229E-01    68.25   180.00
 180    45.000   -0.4166     6.1086E-01    67.50   180.00
 181    45.250   -0.4192     6.0707E-01    66.75   180.00
 182    45.500   -0.4258     5.9596E-01    66.00   180.00
 183    45.750   -0.4292     5.9224E-01    65.25   180.00
 184    46.000   -0.4343     5.8147E-01    64.50   180.00
 185    46.250   -0.4372     5.7799E-01    63.75   180.00
 186    46.500   -0.4441     5.6752E-01    63.00   180.00
 187    46.750   -0.4466     5.6383E-01    62.25   180.00
 188    47.000   -0.4512     5.5395E-01    61.50   180.00
 189    47.250   -0.4552     5.5036E-01    60.75   180.00
 190    47.500   -0.4599     5.4105E-01    60.00   180.00
 191    47.750   -0.4603     5.3845E-01    60.00   180.00
 192    48.000   -0.4597     5.3160E-01    60.00   180.00
 193    48.250   -0.4594     5.2956E-01    60.00   180.00
 194    48.500   -0.4582     5.2281E-01    60.00   180.00
 195    48.750   -0.4591     5.2067E-01    60.00   180.00
 196    49.000   -0.4591     5.1418E-01    60.00   180.00
 197    49.250   -0.4615     5.1142E-01    60.00   180.00
 198    49.500   -0.4599     5.0607E-01    60.00   180.00
 199    49.750   -0.4598     5.0385E-01    60.00   180.00
 200    50.000   -0.4585     4.9832E-01    60.00   180.00
 201    50.250   -0.4597     4.9598E-01    60.00   180.00
 202    50.500   -0.4592     4.9087E-01    60.00   180.00
 203    50.750   -0.4587     4.8859E-01    60.00   180.00
 204    51.000   -0.4596     4.8332E-01    60.00   180.00
 205    51.250   -0.4608     4.8049E-01    60.00   180.00
 206    51.500   -0.4597     4.7611E-01    60.00   180.00
 207    51.750   -0.4608     4.7295E-01    60.00   180.00
 208    52.000   -0.4594     4.6976E-01    60.00   180.00
 209    52.250   -0.4603     4.6655E-01    60.00   180.00
 210    52.500   -0.4602     4.6320E-01    60.00   180.00
 211    52.750   -0.4617     4.5940E-01    60.00   180.00
 212    53.000   -0.4596     4.5738E-01    60.00   180.00
 213    53.250   -0.4624     4.5280E-01    60.00   180.00
 214    53.500   -0.4593     4.5125E-01    60.00   180.00
 215    53.750   -0.4604     4.4680E-01    60.00   180.00
 216    54.000   -0.4600     4.4535E-01    60.00   180.00
 217    54.250   -0.4622     4.4016E-01    60.00   180.00
 218    54.500   -0.4597     4.3972E-01    60.00   180.00
 219    54.750   -0.4610     4.3435E-01    60.00   180.00
 220    55.000   -0.4596     4.3420E-01    60.00   180.00
 221    55.250   -0.4607     4.2867E-01    60.00   180.00
 222    55.500   -0.4596     4.2863E-01    60.00   180.00
 223    55.750   -0.4616     4.2304E-01    60.00   180.00
 224    56.000   -0.4596     4.2301E-01    60.00   180.00
 225    56.250   -0.4612     4.1808E-01    60.00   180.00
 226    56.500   -0.4599     4.1782E-01    60.00   180.00
 227    56.750   -0.4619     4.1251E-01    60.00   180.00
 228    57.000   -0.4598     4.1248E-01    60.00   180.00
 229    57.250   -0.4604     4.0774E-01    60.00   180.00
 230    57.500   -0.4587     4.0769E-01    60.00   180.00
 231    57.750   -0.4620     4.0244E-01    60.00   180.00
 232    58.000   -0.4605     4.0244E-01    60.00   180.00
 233    58.250   -0.4617     3.9758E-01    60.00   180.00
 234    58.500   -0.4608     3.9759E-01    60.00   180.00
 235    58.750   -0.4605     3.9315E-01    60.00   180.00
 236    59.000   -0.4598     3.9314E-01    60.00   180.00
 237    59.250   -0.4610     3.8860E-01    60.00   180.00
 238    59.500   -0.4595     3.8858E-01    60.00   180.00
 239    59.750   -0.4607     3.8411E-01    60.00   180.00
 240    60.000   -0.4598     3.8409E-01    60.00   180.00


 Total time :    155.813797      seconds
